=========================================================== test session starts ============================================================
platform linux -- Python 3.13.11, pytest-9.0.2, pluggy-1.6.0 -- venv/bin/python3
cachedir: .pytest_cache
plugins: anyio-4.11.0
collected 3 items

backend/tests/test_scenarios.py::test_tc1_chatbot_greeting
[TC1] Input: 'Hi there' -> Output: 'Hello! Welcome to MedCare Hospital. I'm here to help you with information about our services, appointments, and general inquiries. How can I assist you today?'
PASSED
backend/tests/test_scenarios.py::test_tc2_invoice_generation
[TC2] Generated Invoice: {'id': 6, 'invoiceNumber': 'INV-006', 'patientId': 999, 'amount': 300.0, 'status': 'Billed', 'date': '2025-12-17', 'paymentDate': None, 'services': [1001, 1002]}
PASSED
backend/tests/test_scenarios.py::test_tc3_protected_route_enforcement
[TC3] /analytics/ Status Code: 200
WARNING: Backend API is public. Frontend protection only.
PASSED

============================================================ 3 passed in 0.51s =============================================================
